{
  "0 debug pnpm:scope": {
    "selected": 1
  },
  "1 error pnpm": {
    "code": "ELIFECYCLE",
    "errno": "ENOENT",
    "syscall": "spawn",
    "file": "sh",
    "pkgid": "yyq-website@0.0.0",
    "stage": "dev",
    "script": "vite",
    "pkgname": "yyq-website",
    "err": {
      "name": "Error",
      "message": "yyq-website@0.0.0 dev: `vite`\nspawn ENOENT",
      "code": "ELIFECYCLE",
      "stack": "Error: yyq-website@0.0.0 dev: `vite`\nspawn ENOENT\n    at ChildProcess.<anonymous> (/Users/jyr/.nvm/versions/node/v14.15.4/lib/node_modules/pnpm/dist/pnpm.cjs:88671:20)\n    at ChildProcess.emit (events.js:315:20)\n    at maybeClose (internal/child_process.js:1048:16)\n    at Process.ChildProcess._handle.onexit (internal/child_process.js:288:5)"
    }
  }
}